  源.cpp
c:\program files (x86)\microsoft directx sdk (june 2010)\include\dxgitype.h(12): warning C4005: “DXGI_STATUS_OCCLUDED”: 宏重定义
  c:\program files (x86)\windows kits\8.1\include\shared\winerror.h(50092): note: 参见“DXGI_STATUS_OCCLUDED”的前一个定义
c:\program files (x86)\microsoft directx sdk (june 2010)\include\dxgitype.h(13): warning C4005: “DXGI_STATUS_CLIPPED”: 宏重定义
  c:\program files (x86)\windows kits\8.1\include\shared\winerror.h(50101): note: 参见“DXGI_STATUS_CLIPPED”的前一个定义
c:\program files (x86)\microsoft directx sdk (june 2010)\include\dxgitype.h(14): warning C4005: “DXGI_STATUS_NO_REDIRECTION”: 宏重定义
  c:\program files (x86)\windows kits\8.1\include\shared\winerror.h(50110): note: 参见“DXGI_STATUS_NO_REDIRECTION”的前一个定义
c:\program files (x86)\microsoft directx sdk (june 2010)\include\dxgitype.h(15): warning C4005: “DXGI_STATUS_NO_DESKTOP_ACCESS”: 宏重定义
  c:\program files (x86)\windows kits\8.1\include\shared\winerror.h(50119): note: 参见“DXGI_STATUS_NO_DESKTOP_ACCESS”的前一个定义
c:\program files (x86)\microsoft directx sdk (june 2010)\include\dxgitype.h(16): warning C4005: “DXGI_STATUS_GRAPHICS_VIDPN_SOURCE_IN_USE”: 宏重定义
  c:\program files (x86)\windows kits\8.1\include\shared\winerror.h(50128): note: 参见“DXGI_STATUS_GRAPHICS_VIDPN_SOURCE_IN_USE”的前一个定义
c:\program files (x86)\microsoft directx sdk (june 2010)\include\dxgitype.h(17): warning C4005: “DXGI_STATUS_MODE_CHANGED”: 宏重定义
  c:\program files (x86)\windows kits\8.1\include\shared\winerror.h(50137): note: 参见“DXGI_STATUS_MODE_CHANGED”的前一个定义
c:\program files (x86)\microsoft directx sdk (june 2010)\include\dxgitype.h(18): warning C4005: “DXGI_STATUS_MODE_CHANGE_IN_PROGRESS”: 宏重定义
  c:\program files (x86)\windows kits\8.1\include\shared\winerror.h(50146): note: 参见“DXGI_STATUS_MODE_CHANGE_IN_PROGRESS”的前一个定义
c:\program files (x86)\microsoft directx sdk (june 2010)\include\dxgitype.h(21): warning C4005: “DXGI_ERROR_INVALID_CALL”: 宏重定义
  c:\program files (x86)\windows kits\8.1\include\shared\winerror.h(50161): note: 参见“DXGI_ERROR_INVALID_CALL”的前一个定义
c:\program files (x86)\microsoft directx sdk (june 2010)\include\dxgitype.h(22): warning C4005: “DXGI_ERROR_NOT_FOUND”: 宏重定义
  c:\program files (x86)\windows kits\8.1\include\shared\winerror.h(50170): note: 参见“DXGI_ERROR_NOT_FOUND”的前一个定义
c:\program files (x86)\microsoft directx sdk (june 2010)\include\dxgitype.h(23): warning C4005: “DXGI_ERROR_MORE_DATA”: 宏重定义
  c:\program files (x86)\windows kits\8.1\include\shared\winerror.h(50179): note: 参见“DXGI_ERROR_MORE_DATA”的前一个定义
c:\program files (x86)\microsoft directx sdk (june 2010)\include\dxgitype.h(24): warning C4005: “DXGI_ERROR_UNSUPPORTED”: 宏重定义
  c:\program files (x86)\windows kits\8.1\include\shared\winerror.h(50188): note: 参见“DXGI_ERROR_UNSUPPORTED”的前一个定义
c:\program files (x86)\microsoft directx sdk (june 2010)\include\dxgitype.h(25): warning C4005: “DXGI_ERROR_DEVICE_REMOVED”: 宏重定义
  c:\program files (x86)\windows kits\8.1\include\shared\winerror.h(50197): note: 参见“DXGI_ERROR_DEVICE_REMOVED”的前一个定义
c:\program files (x86)\microsoft directx sdk (june 2010)\include\dxgitype.h(26): warning C4005: “DXGI_ERROR_DEVICE_HUNG”: 宏重定义
  c:\program files (x86)\windows kits\8.1\include\shared\winerror.h(50206): note: 参见“DXGI_ERROR_DEVICE_HUNG”的前一个定义
c:\program files (x86)\microsoft directx sdk (june 2010)\include\dxgitype.h(27): warning C4005: “DXGI_ERROR_DEVICE_RESET”: 宏重定义
  c:\program files (x86)\windows kits\8.1\include\shared\winerror.h(50216): note: 参见“DXGI_ERROR_DEVICE_RESET”的前一个定义
c:\program files (x86)\microsoft directx sdk (june 2010)\include\dxgitype.h(28): warning C4005: “DXGI_ERROR_WAS_STILL_DRAWING”: 宏重定义
  c:\program files (x86)\windows kits\8.1\include\shared\winerror.h(50225): note: 参见“DXGI_ERROR_WAS_STILL_DRAWING”的前一个定义
c:\program files (x86)\microsoft directx sdk (june 2010)\include\dxgitype.h(29): warning C4005: “DXGI_ERROR_FRAME_STATISTICS_DISJOINT”: 宏重定义
  c:\program files (x86)\windows kits\8.1\include\shared\winerror.h(50235): note: 参见“DXGI_ERROR_FRAME_STATISTICS_DISJOINT”的前一个定义
c:\program files (x86)\microsoft directx sdk (june 2010)\include\dxgitype.h(30): warning C4005: “DXGI_ERROR_GRAPHICS_VIDPN_SOURCE_IN_USE”: 宏重定义
  c:\program files (x86)\windows kits\8.1\include\shared\winerror.h(50244): note: 参见“DXGI_ERROR_GRAPHICS_VIDPN_SOURCE_IN_USE”的前一个定义
c:\program files (x86)\microsoft directx sdk (june 2010)\include\dxgitype.h(31): warning C4005: “DXGI_ERROR_DRIVER_INTERNAL_ERROR”: 宏重定义
  c:\program files (x86)\windows kits\8.1\include\shared\winerror.h(50254): note: 参见“DXGI_ERROR_DRIVER_INTERNAL_ERROR”的前一个定义
c:\program files (x86)\microsoft directx sdk (june 2010)\include\dxgitype.h(32): warning C4005: “DXGI_ERROR_NONEXCLUSIVE”: 宏重定义
  c:\program files (x86)\windows kits\8.1\include\shared\winerror.h(50263): note: 参见“DXGI_ERROR_NONEXCLUSIVE”的前一个定义
c:\program files (x86)\microsoft directx sdk (june 2010)\include\dxgitype.h(33): warning C4005: “DXGI_ERROR_NOT_CURRENTLY_AVAILABLE”: 宏重定义
  c:\program files (x86)\windows kits\8.1\include\shared\winerror.h(50272): note: 参见“DXGI_ERROR_NOT_CURRENTLY_AVAILABLE”的前一个定义
c:\program files (x86)\microsoft directx sdk (june 2010)\include\dxgitype.h(34): warning C4005: “DXGI_ERROR_REMOTE_CLIENT_DISCONNECTED”: 宏重定义
  c:\program files (x86)\windows kits\8.1\include\shared\winerror.h(50282): note: 参见“DXGI_ERROR_REMOTE_CLIENT_DISCONNECTED”的前一个定义
c:\program files (x86)\microsoft directx sdk (june 2010)\include\dxgitype.h(35): warning C4005: “DXGI_ERROR_REMOTE_OUTOFMEMORY”: 宏重定义
  c:\program files (x86)\windows kits\8.1\include\shared\winerror.h(50291): note: 参见“DXGI_ERROR_REMOTE_OUTOFMEMORY”的前一个定义
c:\program files (x86)\microsoft directx sdk (june 2010)\include\d3d10.h(608): warning C4005: “D3D10_ERROR_TOO_MANY_UNIQUE_STATE_OBJECTS”: 宏重定义
  c:\program files (x86)\windows kits\8.1\include\shared\winerror.h(50445): note: 参见“D3D10_ERROR_TOO_MANY_UNIQUE_STATE_OBJECTS”的前一个定义
c:\program files (x86)\microsoft directx sdk (june 2010)\include\d3d10.h(609): warning C4005: “D3D10_ERROR_FILE_NOT_FOUND”: 宏重定义
  c:\program files (x86)\windows kits\8.1\include\shared\winerror.h(50454): note: 参见“D3D10_ERROR_FILE_NOT_FOUND”的前一个定义
  ImeUi.cpp
c:\program files (x86)\microsoft directx sdk (june 2010)\include\dxgitype.h(12): warning C4005: “DXGI_STATUS_OCCLUDED”: 宏重定义
  c:\program files (x86)\windows kits\8.1\include\shared\winerror.h(50092): note: 参见“DXGI_STATUS_OCCLUDED”的前一个定义
c:\program files (x86)\microsoft directx sdk (june 2010)\include\dxgitype.h(13): warning C4005: “DXGI_STATUS_CLIPPED”: 宏重定义
  c:\program files (x86)\windows kits\8.1\include\shared\winerror.h(50101): note: 参见“DXGI_STATUS_CLIPPED”的前一个定义
c:\program files (x86)\microsoft directx sdk (june 2010)\include\dxgitype.h(14): warning C4005: “DXGI_STATUS_NO_REDIRECTION”: 宏重定义
  c:\program files (x86)\windows kits\8.1\include\shared\winerror.h(50110): note: 参见“DXGI_STATUS_NO_REDIRECTION”的前一个定义
c:\program files (x86)\microsoft directx sdk (june 2010)\include\dxgitype.h(15): warning C4005: “DXGI_STATUS_NO_DESKTOP_ACCESS”: 宏重定义
  c:\program files (x86)\windows kits\8.1\include\shared\winerror.h(50119): note: 参见“DXGI_STATUS_NO_DESKTOP_ACCESS”的前一个定义
c:\program files (x86)\microsoft directx sdk (june 2010)\include\dxgitype.h(16): warning C4005: “DXGI_STATUS_GRAPHICS_VIDPN_SOURCE_IN_USE”: 宏重定义
  c:\program files (x86)\windows kits\8.1\include\shared\winerror.h(50128): note: 参见“DXGI_STATUS_GRAPHICS_VIDPN_SOURCE_IN_USE”的前一个定义
c:\program files (x86)\microsoft directx sdk (june 2010)\include\dxgitype.h(17): warning C4005: “DXGI_STATUS_MODE_CHANGED”: 宏重定义
  c:\program files (x86)\windows kits\8.1\include\shared\winerror.h(50137): note: 参见“DXGI_STATUS_MODE_CHANGED”的前一个定义
c:\program files (x86)\microsoft directx sdk (june 2010)\include\dxgitype.h(18): warning C4005: “DXGI_STATUS_MODE_CHANGE_IN_PROGRESS”: 宏重定义
  c:\program files (x86)\windows kits\8.1\include\shared\winerror.h(50146): note: 参见“DXGI_STATUS_MODE_CHANGE_IN_PROGRESS”的前一个定义
c:\program files (x86)\microsoft directx sdk (june 2010)\include\dxgitype.h(21): warning C4005: “DXGI_ERROR_INVALID_CALL”: 宏重定义
  c:\program files (x86)\windows kits\8.1\include\shared\winerror.h(50161): note: 参见“DXGI_ERROR_INVALID_CALL”的前一个定义
c:\program files (x86)\microsoft directx sdk (june 2010)\include\dxgitype.h(22): warning C4005: “DXGI_ERROR_NOT_FOUND”: 宏重定义
  c:\program files (x86)\windows kits\8.1\include\shared\winerror.h(50170): note: 参见“DXGI_ERROR_NOT_FOUND”的前一个定义
c:\program files (x86)\microsoft directx sdk (june 2010)\include\dxgitype.h(23): warning C4005: “DXGI_ERROR_MORE_DATA”: 宏重定义
  c:\program files (x86)\windows kits\8.1\include\shared\winerror.h(50179): note: 参见“DXGI_ERROR_MORE_DATA”的前一个定义
c:\program files (x86)\microsoft directx sdk (june 2010)\include\dxgitype.h(24): warning C4005: “DXGI_ERROR_UNSUPPORTED”: 宏重定义
  c:\program files (x86)\windows kits\8.1\include\shared\winerror.h(50188): note: 参见“DXGI_ERROR_UNSUPPORTED”的前一个定义
c:\program files (x86)\microsoft directx sdk (june 2010)\include\dxgitype.h(25): warning C4005: “DXGI_ERROR_DEVICE_REMOVED”: 宏重定义
  c:\program files (x86)\windows kits\8.1\include\shared\winerror.h(50197): note: 参见“DXGI_ERROR_DEVICE_REMOVED”的前一个定义
c:\program files (x86)\microsoft directx sdk (june 2010)\include\dxgitype.h(26): warning C4005: “DXGI_ERROR_DEVICE_HUNG”: 宏重定义
  c:\program files (x86)\windows kits\8.1\include\shared\winerror.h(50206): note: 参见“DXGI_ERROR_DEVICE_HUNG”的前一个定义
c:\program files (x86)\microsoft directx sdk (june 2010)\include\dxgitype.h(27): warning C4005: “DXGI_ERROR_DEVICE_RESET”: 宏重定义
  c:\program files (x86)\windows kits\8.1\include\shared\winerror.h(50216): note: 参见“DXGI_ERROR_DEVICE_RESET”的前一个定义
c:\program files (x86)\microsoft directx sdk (june 2010)\include\dxgitype.h(28): warning C4005: “DXGI_ERROR_WAS_STILL_DRAWING”: 宏重定义
  c:\program files (x86)\windows kits\8.1\include\shared\winerror.h(50225): note: 参见“DXGI_ERROR_WAS_STILL_DRAWING”的前一个定义
c:\program files (x86)\microsoft directx sdk (june 2010)\include\dxgitype.h(29): warning C4005: “DXGI_ERROR_FRAME_STATISTICS_DISJOINT”: 宏重定义
  c:\program files (x86)\windows kits\8.1\include\shared\winerror.h(50235): note: 参见“DXGI_ERROR_FRAME_STATISTICS_DISJOINT”的前一个定义
c:\program files (x86)\microsoft directx sdk (june 2010)\include\dxgitype.h(30): warning C4005: “DXGI_ERROR_GRAPHICS_VIDPN_SOURCE_IN_USE”: 宏重定义
  c:\program files (x86)\windows kits\8.1\include\shared\winerror.h(50244): note: 参见“DXGI_ERROR_GRAPHICS_VIDPN_SOURCE_IN_USE”的前一个定义
c:\program files (x86)\microsoft directx sdk (june 2010)\include\dxgitype.h(31): warning C4005: “DXGI_ERROR_DRIVER_INTERNAL_ERROR”: 宏重定义
  c:\program files (x86)\windows kits\8.1\include\shared\winerror.h(50254): note: 参见“DXGI_ERROR_DRIVER_INTERNAL_ERROR”的前一个定义
c:\program files (x86)\microsoft directx sdk (june 2010)\include\dxgitype.h(32): warning C4005: “DXGI_ERROR_NONEXCLUSIVE”: 宏重定义
  c:\program files (x86)\windows kits\8.1\include\shared\winerror.h(50263): note: 参见“DXGI_ERROR_NONEXCLUSIVE”的前一个定义
c:\program files (x86)\microsoft directx sdk (june 2010)\include\dxgitype.h(33): warning C4005: “DXGI_ERROR_NOT_CURRENTLY_AVAILABLE”: 宏重定义
  c:\program files (x86)\windows kits\8.1\include\shared\winerror.h(50272): note: 参见“DXGI_ERROR_NOT_CURRENTLY_AVAILABLE”的前一个定义
c:\program files (x86)\microsoft directx sdk (june 2010)\include\dxgitype.h(34): warning C4005: “DXGI_ERROR_REMOTE_CLIENT_DISCONNECTED”: 宏重定义
  c:\program files (x86)\windows kits\8.1\include\shared\winerror.h(50282): note: 参见“DXGI_ERROR_REMOTE_CLIENT_DISCONNECTED”的前一个定义
c:\program files (x86)\microsoft directx sdk (june 2010)\include\dxgitype.h(35): warning C4005: “DXGI_ERROR_REMOTE_OUTOFMEMORY”: 宏重定义
  c:\program files (x86)\windows kits\8.1\include\shared\winerror.h(50291): note: 参见“DXGI_ERROR_REMOTE_OUTOFMEMORY”的前一个定义
c:\program files (x86)\microsoft directx sdk (june 2010)\include\d3d10.h(608): warning C4005: “D3D10_ERROR_TOO_MANY_UNIQUE_STATE_OBJECTS”: 宏重定义
  c:\program files (x86)\windows kits\8.1\include\shared\winerror.h(50445): note: 参见“D3D10_ERROR_TOO_MANY_UNIQUE_STATE_OBJECTS”的前一个定义
c:\program files (x86)\microsoft directx sdk (june 2010)\include\d3d10.h(609): warning C4005: “D3D10_ERROR_FILE_NOT_FOUND”: 宏重定义
  c:\program files (x86)\windows kits\8.1\include\shared\winerror.h(50454): note: 参见“D3D10_ERROR_FILE_NOT_FOUND”的前一个定义
c:\users\dell\documents\github\windows_directx\win32project1\win32project1\imeui.cpp(1928): error C4996: 'GetVersionExA': 被声明为已否决
  c:\program files (x86)\windows kits\8.1\include\um\sysinfoapi.h(433): note: 参见“GetVersionExA”的声明
  DXUTmisc.cpp
c:\program files (x86)\microsoft directx sdk (june 2010)\include\dxgitype.h(12): warning C4005: “DXGI_STATUS_OCCLUDED”: 宏重定义
  c:\program files (x86)\windows kits\8.1\include\shared\winerror.h(50092): note: 参见“DXGI_STATUS_OCCLUDED”的前一个定义
c:\program files (x86)\microsoft directx sdk (june 2010)\include\dxgitype.h(13): warning C4005: “DXGI_STATUS_CLIPPED”: 宏重定义
  c:\program files (x86)\windows kits\8.1\include\shared\winerror.h(50101): note: 参见“DXGI_STATUS_CLIPPED”的前一个定义
c:\program files (x86)\microsoft directx sdk (june 2010)\include\dxgitype.h(14): warning C4005: “DXGI_STATUS_NO_REDIRECTION”: 宏重定义
  c:\program files (x86)\windows kits\8.1\include\shared\winerror.h(50110): note: 参见“DXGI_STATUS_NO_REDIRECTION”的前一个定义
c:\program files (x86)\microsoft directx sdk (june 2010)\include\dxgitype.h(15): warning C4005: “DXGI_STATUS_NO_DESKTOP_ACCESS”: 宏重定义
  c:\program files (x86)\windows kits\8.1\include\shared\winerror.h(50119): note: 参见“DXGI_STATUS_NO_DESKTOP_ACCESS”的前一个定义
c:\program files (x86)\microsoft directx sdk (june 2010)\include\dxgitype.h(16): warning C4005: “DXGI_STATUS_GRAPHICS_VIDPN_SOURCE_IN_USE”: 宏重定义
  c:\program files (x86)\windows kits\8.1\include\shared\winerror.h(50128): note: 参见“DXGI_STATUS_GRAPHICS_VIDPN_SOURCE_IN_USE”的前一个定义
c:\program files (x86)\microsoft directx sdk (june 2010)\include\dxgitype.h(17): warning C4005: “DXGI_STATUS_MODE_CHANGED”: 宏重定义
  c:\program files (x86)\windows kits\8.1\include\shared\winerror.h(50137): note: 参见“DXGI_STATUS_MODE_CHANGED”的前一个定义
c:\program files (x86)\microsoft directx sdk (june 2010)\include\dxgitype.h(18): warning C4005: “DXGI_STATUS_MODE_CHANGE_IN_PROGRESS”: 宏重定义
  c:\program files (x86)\windows kits\8.1\include\shared\winerror.h(50146): note: 参见“DXGI_STATUS_MODE_CHANGE_IN_PROGRESS”的前一个定义
c:\program files (x86)\microsoft directx sdk (june 2010)\include\dxgitype.h(21): warning C4005: “DXGI_ERROR_INVALID_CALL”: 宏重定义
  c:\program files (x86)\windows kits\8.1\include\shared\winerror.h(50161): note: 参见“DXGI_ERROR_INVALID_CALL”的前一个定义
c:\program files (x86)\microsoft directx sdk (june 2010)\include\dxgitype.h(22): warning C4005: “DXGI_ERROR_NOT_FOUND”: 宏重定义
  c:\program files (x86)\windows kits\8.1\include\shared\winerror.h(50170): note: 参见“DXGI_ERROR_NOT_FOUND”的前一个定义
c:\program files (x86)\microsoft directx sdk (june 2010)\include\dxgitype.h(23): warning C4005: “DXGI_ERROR_MORE_DATA”: 宏重定义
  c:\program files (x86)\windows kits\8.1\include\shared\winerror.h(50179): note: 参见“DXGI_ERROR_MORE_DATA”的前一个定义
c:\program files (x86)\microsoft directx sdk (june 2010)\include\dxgitype.h(24): warning C4005: “DXGI_ERROR_UNSUPPORTED”: 宏重定义
  c:\program files (x86)\windows kits\8.1\include\shared\winerror.h(50188): note: 参见“DXGI_ERROR_UNSUPPORTED”的前一个定义
c:\program files (x86)\microsoft directx sdk (june 2010)\include\dxgitype.h(25): warning C4005: “DXGI_ERROR_DEVICE_REMOVED”: 宏重定义
  c:\program files (x86)\windows kits\8.1\include\shared\winerror.h(50197): note: 参见“DXGI_ERROR_DEVICE_REMOVED”的前一个定义
c:\program files (x86)\microsoft directx sdk (june 2010)\include\dxgitype.h(26): warning C4005: “DXGI_ERROR_DEVICE_HUNG”: 宏重定义
  c:\program files (x86)\windows kits\8.1\include\shared\winerror.h(50206): note: 参见“DXGI_ERROR_DEVICE_HUNG”的前一个定义
c:\program files (x86)\microsoft directx sdk (june 2010)\include\dxgitype.h(27): warning C4005: “DXGI_ERROR_DEVICE_RESET”: 宏重定义
  c:\program files (x86)\windows kits\8.1\include\shared\winerror.h(50216): note: 参见“DXGI_ERROR_DEVICE_RESET”的前一个定义
c:\program files (x86)\microsoft directx sdk (june 2010)\include\dxgitype.h(28): warning C4005: “DXGI_ERROR_WAS_STILL_DRAWING”: 宏重定义
  c:\program files (x86)\windows kits\8.1\include\shared\winerror.h(50225): note: 参见“DXGI_ERROR_WAS_STILL_DRAWING”的前一个定义
c:\program files (x86)\microsoft directx sdk (june 2010)\include\dxgitype.h(29): warning C4005: “DXGI_ERROR_FRAME_STATISTICS_DISJOINT”: 宏重定义
  c:\program files (x86)\windows kits\8.1\include\shared\winerror.h(50235): note: 参见“DXGI_ERROR_FRAME_STATISTICS_DISJOINT”的前一个定义
c:\program files (x86)\microsoft directx sdk (june 2010)\include\dxgitype.h(30): warning C4005: “DXGI_ERROR_GRAPHICS_VIDPN_SOURCE_IN_USE”: 宏重定义
  c:\program files (x86)\windows kits\8.1\include\shared\winerror.h(50244): note: 参见“DXGI_ERROR_GRAPHICS_VIDPN_SOURCE_IN_USE”的前一个定义
c:\program files (x86)\microsoft directx sdk (june 2010)\include\dxgitype.h(31): warning C4005: “DXGI_ERROR_DRIVER_INTERNAL_ERROR”: 宏重定义
  c:\program files (x86)\windows kits\8.1\include\shared\winerror.h(50254): note: 参见“DXGI_ERROR_DRIVER_INTERNAL_ERROR”的前一个定义
c:\program files (x86)\microsoft directx sdk (june 2010)\include\dxgitype.h(32): warning C4005: “DXGI_ERROR_NONEXCLUSIVE”: 宏重定义
  c:\program files (x86)\windows kits\8.1\include\shared\winerror.h(50263): note: 参见“DXGI_ERROR_NONEXCLUSIVE”的前一个定义
c:\program files (x86)\microsoft directx sdk (june 2010)\include\dxgitype.h(33): warning C4005: “DXGI_ERROR_NOT_CURRENTLY_AVAILABLE”: 宏重定义
  c:\program files (x86)\windows kits\8.1\include\shared\winerror.h(50272): note: 参见“DXGI_ERROR_NOT_CURRENTLY_AVAILABLE”的前一个定义
c:\program files (x86)\microsoft directx sdk (june 2010)\include\dxgitype.h(34): warning C4005: “DXGI_ERROR_REMOTE_CLIENT_DISCONNECTED”: 宏重定义
  c:\program files (x86)\windows kits\8.1\include\shared\winerror.h(50282): note: 参见“DXGI_ERROR_REMOTE_CLIENT_DISCONNECTED”的前一个定义
c:\program files (x86)\microsoft directx sdk (june 2010)\include\dxgitype.h(35): warning C4005: “DXGI_ERROR_REMOTE_OUTOFMEMORY”: 宏重定义
  c:\program files (x86)\windows kits\8.1\include\shared\winerror.h(50291): note: 参见“DXGI_ERROR_REMOTE_OUTOFMEMORY”的前一个定义
c:\program files (x86)\microsoft directx sdk (june 2010)\include\d3d10.h(608): warning C4005: “D3D10_ERROR_TOO_MANY_UNIQUE_STATE_OBJECTS”: 宏重定义
  c:\program files (x86)\windows kits\8.1\include\shared\winerror.h(50445): note: 参见“D3D10_ERROR_TOO_MANY_UNIQUE_STATE_OBJECTS”的前一个定义
c:\program files (x86)\microsoft directx sdk (june 2010)\include\d3d10.h(609): warning C4005: “D3D10_ERROR_FILE_NOT_FOUND”: 宏重定义
  c:\program files (x86)\windows kits\8.1\include\shared\winerror.h(50454): note: 参见“D3D10_ERROR_FILE_NOT_FOUND”的前一个定义
c:\users\dell\documents\github\windows_directx\win32project1\win32project1\dxutmisc.cpp(1263): error C4996: 'GetVersionExA': 被声明为已否决
  c:\program files (x86)\windows kits\8.1\include\um\sysinfoapi.h(433): note: 参见“GetVersionExA”的声明
  DXUT.cpp
c:\program files (x86)\microsoft directx sdk (june 2010)\include\dxgitype.h(12): warning C4005: “DXGI_STATUS_OCCLUDED”: 宏重定义
  c:\program files (x86)\windows kits\8.1\include\shared\winerror.h(50092): note: 参见“DXGI_STATUS_OCCLUDED”的前一个定义
c:\program files (x86)\microsoft directx sdk (june 2010)\include\dxgitype.h(13): warning C4005: “DXGI_STATUS_CLIPPED”: 宏重定义
  c:\program files (x86)\windows kits\8.1\include\shared\winerror.h(50101): note: 参见“DXGI_STATUS_CLIPPED”的前一个定义
c:\program files (x86)\microsoft directx sdk (june 2010)\include\dxgitype.h(14): warning C4005: “DXGI_STATUS_NO_REDIRECTION”: 宏重定义
  c:\program files (x86)\windows kits\8.1\include\shared\winerror.h(50110): note: 参见“DXGI_STATUS_NO_REDIRECTION”的前一个定义
c:\program files (x86)\microsoft directx sdk (june 2010)\include\dxgitype.h(15): warning C4005: “DXGI_STATUS_NO_DESKTOP_ACCESS”: 宏重定义
  c:\program files (x86)\windows kits\8.1\include\shared\winerror.h(50119): note: 参见“DXGI_STATUS_NO_DESKTOP_ACCESS”的前一个定义
c:\program files (x86)\microsoft directx sdk (june 2010)\include\dxgitype.h(16): warning C4005: “DXGI_STATUS_GRAPHICS_VIDPN_SOURCE_IN_USE”: 宏重定义
  c:\program files (x86)\windows kits\8.1\include\shared\winerror.h(50128): note: 参见“DXGI_STATUS_GRAPHICS_VIDPN_SOURCE_IN_USE”的前一个定义
c:\program files (x86)\microsoft directx sdk (june 2010)\include\dxgitype.h(17): warning C4005: “DXGI_STATUS_MODE_CHANGED”: 宏重定义
  c:\program files (x86)\windows kits\8.1\include\shared\winerror.h(50137): note: 参见“DXGI_STATUS_MODE_CHANGED”的前一个定义
c:\program files (x86)\microsoft directx sdk (june 2010)\include\dxgitype.h(18): warning C4005: “DXGI_STATUS_MODE_CHANGE_IN_PROGRESS”: 宏重定义
  c:\program files (x86)\windows kits\8.1\include\shared\winerror.h(50146): note: 参见“DXGI_STATUS_MODE_CHANGE_IN_PROGRESS”的前一个定义
c:\program files (x86)\microsoft directx sdk (june 2010)\include\dxgitype.h(21): warning C4005: “DXGI_ERROR_INVALID_CALL”: 宏重定义
  c:\program files (x86)\windows kits\8.1\include\shared\winerror.h(50161): note: 参见“DXGI_ERROR_INVALID_CALL”的前一个定义
c:\program files (x86)\microsoft directx sdk (june 2010)\include\dxgitype.h(22): warning C4005: “DXGI_ERROR_NOT_FOUND”: 宏重定义
  c:\program files (x86)\windows kits\8.1\include\shared\winerror.h(50170): note: 参见“DXGI_ERROR_NOT_FOUND”的前一个定义
c:\program files (x86)\microsoft directx sdk (june 2010)\include\dxgitype.h(23): warning C4005: “DXGI_ERROR_MORE_DATA”: 宏重定义
  c:\program files (x86)\windows kits\8.1\include\shared\winerror.h(50179): note: 参见“DXGI_ERROR_MORE_DATA”的前一个定义
c:\program files (x86)\microsoft directx sdk (june 2010)\include\dxgitype.h(24): warning C4005: “DXGI_ERROR_UNSUPPORTED”: 宏重定义
  c:\program files (x86)\windows kits\8.1\include\shared\winerror.h(50188): note: 参见“DXGI_ERROR_UNSUPPORTED”的前一个定义
c:\program files (x86)\microsoft directx sdk (june 2010)\include\dxgitype.h(25): warning C4005: “DXGI_ERROR_DEVICE_REMOVED”: 宏重定义
  c:\program files (x86)\windows kits\8.1\include\shared\winerror.h(50197): note: 参见“DXGI_ERROR_DEVICE_REMOVED”的前一个定义
c:\program files (x86)\microsoft directx sdk (june 2010)\include\dxgitype.h(26): warning C4005: “DXGI_ERROR_DEVICE_HUNG”: 宏重定义
  c:\program files (x86)\windows kits\8.1\include\shared\winerror.h(50206): note: 参见“DXGI_ERROR_DEVICE_HUNG”的前一个定义
c:\program files (x86)\microsoft directx sdk (june 2010)\include\dxgitype.h(27): warning C4005: “DXGI_ERROR_DEVICE_RESET”: 宏重定义
  c:\program files (x86)\windows kits\8.1\include\shared\winerror.h(50216): note: 参见“DXGI_ERROR_DEVICE_RESET”的前一个定义
c:\program files (x86)\microsoft directx sdk (june 2010)\include\dxgitype.h(28): warning C4005: “DXGI_ERROR_WAS_STILL_DRAWING”: 宏重定义
  c:\program files (x86)\windows kits\8.1\include\shared\winerror.h(50225): note: 参见“DXGI_ERROR_WAS_STILL_DRAWING”的前一个定义
c:\program files (x86)\microsoft directx sdk (june 2010)\include\dxgitype.h(29): warning C4005: “DXGI_ERROR_FRAME_STATISTICS_DISJOINT”: 宏重定义
  c:\program files (x86)\windows kits\8.1\include\shared\winerror.h(50235): note: 参见“DXGI_ERROR_FRAME_STATISTICS_DISJOINT”的前一个定义
c:\program files (x86)\microsoft directx sdk (june 2010)\include\dxgitype.h(30): warning C4005: “DXGI_ERROR_GRAPHICS_VIDPN_SOURCE_IN_USE”: 宏重定义
  c:\program files (x86)\windows kits\8.1\include\shared\winerror.h(50244): note: 参见“DXGI_ERROR_GRAPHICS_VIDPN_SOURCE_IN_USE”的前一个定义
c:\program files (x86)\microsoft directx sdk (june 2010)\include\dxgitype.h(31): warning C4005: “DXGI_ERROR_DRIVER_INTERNAL_ERROR”: 宏重定义
  c:\program files (x86)\windows kits\8.1\include\shared\winerror.h(50254): note: 参见“DXGI_ERROR_DRIVER_INTERNAL_ERROR”的前一个定义
c:\program files (x86)\microsoft directx sdk (june 2010)\include\dxgitype.h(32): warning C4005: “DXGI_ERROR_NONEXCLUSIVE”: 宏重定义
  c:\program files (x86)\windows kits\8.1\include\shared\winerror.h(50263): note: 参见“DXGI_ERROR_NONEXCLUSIVE”的前一个定义
c:\program files (x86)\microsoft directx sdk (june 2010)\include\dxgitype.h(33): warning C4005: “DXGI_ERROR_NOT_CURRENTLY_AVAILABLE”: 宏重定义
  c:\program files (x86)\windows kits\8.1\include\shared\winerror.h(50272): note: 参见“DXGI_ERROR_NOT_CURRENTLY_AVAILABLE”的前一个定义
c:\program files (x86)\microsoft directx sdk (june 2010)\include\dxgitype.h(34): warning C4005: “DXGI_ERROR_REMOTE_CLIENT_DISCONNECTED”: 宏重定义
  c:\program files (x86)\windows kits\8.1\include\shared\winerror.h(50282): note: 参见“DXGI_ERROR_REMOTE_CLIENT_DISCONNECTED”的前一个定义
c:\program files (x86)\microsoft directx sdk (june 2010)\include\dxgitype.h(35): warning C4005: “DXGI_ERROR_REMOTE_OUTOFMEMORY”: 宏重定义
  c:\program files (x86)\windows kits\8.1\include\shared\winerror.h(50291): note: 参见“DXGI_ERROR_REMOTE_OUTOFMEMORY”的前一个定义
c:\program files (x86)\microsoft directx sdk (june 2010)\include\d3d10.h(608): warning C4005: “D3D10_ERROR_TOO_MANY_UNIQUE_STATE_OBJECTS”: 宏重定义
  c:\program files (x86)\windows kits\8.1\include\shared\winerror.h(50445): note: 参见“D3D10_ERROR_TOO_MANY_UNIQUE_STATE_OBJECTS”的前一个定义
c:\program files (x86)\microsoft directx sdk (june 2010)\include\d3d10.h(609): warning C4005: “D3D10_ERROR_FILE_NOT_FOUND”: 宏重定义
  c:\program files (x86)\windows kits\8.1\include\shared\winerror.h(50454): note: 参见“D3D10_ERROR_FILE_NOT_FOUND”的前一个定义
c:\users\dell\documents\github\windows_directx\win32project1\win32project1\dxut.cpp(696): warning C4838: 从“UINT”转换到“LONG”需要收缩转换
c:\users\dell\documents\github\windows_directx\win32project1\win32project1\dxut.cpp(697): warning C4838: 从“UINT”转换到“LONG”需要收缩转换
c:\users\dell\documents\github\windows_directx\win32project1\win32project1\dxut.cpp(4961): error C4996: 'GetVersionExW': 被声明为已否决
  c:\program files (x86)\windows kits\8.1\include\um\sysinfoapi.h(442): note: 参见“GetVersionExW”的声明
  正在生成代码...
