  Main.cpp
c:\users\dell\documents\github\windows_directx\snowman\snowman\src\SnowMan.h(17): warning C4244: “参数”: 从“double”转换到“float”，可能丢失数据
c:\users\dell\documents\github\windows_directx\snowman\snowman\src\SnowMan.h(18): warning C4244: “参数”: 从“double”转换到“float”，可能丢失数据
c:\users\dell\documents\github\windows_directx\snowman\snowman\src\SnowMan.h(19): warning C4244: “参数”: 从“double”转换到“float”，可能丢失数据
c:\users\dell\documents\github\windows_directx\snowman\snowman\src\SnowMan.h(20): warning C4244: “参数”: 从“double”转换到“float”，可能丢失数据
c:\users\dell\documents\github\windows_directx\snowman\snowman\src\SnowMan.h(34): warning C4244: “参数”: 从“double”转换到“FLOAT”，可能丢失数据
c:\users\dell\documents\github\windows_directx\snowman\snowman\src\SnowMan.h(36): warning C4244: “参数”: 从“double”转换到“FLOAT”，可能丢失数据
c:\users\dell\documents\github\windows_directx\snowman\snowman\src\SnowMan.h(37): warning C4244: “参数”: 从“double”转换到“FLOAT”，可能丢失数据
c:\users\dell\documents\github\windows_directx\snowman\snowman\src\SnowMan.h(39): warning C4244: “参数”: 从“double”转换到“FLOAT”，可能丢失数据
c:\users\dell\documents\github\windows_directx\snowman\snowman\src\SnowMan.h(41): warning C4244: “参数”: 从“double”转换到“FLOAT”，可能丢失数据
c:\users\dell\documents\github\windows_directx\snowman\snowman\src\SnowMan.h(46): warning C4244: “参数”: 从“double”转换到“FLOAT”，可能丢失数据
c:\users\dell\documents\github\windows_directx\snowman\snowman\src\SnowMan.h(53): warning C4244: “参数”: 从“double”转换到“FLOAT”，可能丢失数据
c:\users\dell\documents\github\windows_directx\snowman\snowman\src\SnowMan.h(56): warning C4244: “参数”: 从“double”转换到“FLOAT”，可能丢失数据
c:\users\dell\documents\github\windows_directx\snowman\snowman\src\SnowMan.h(176): warning C4244: “参数”: 从“double”转换到“FLOAT”，可能丢失数据
c:\users\dell\documents\github\windows_directx\snowman\snowman\src\SnowMan.h(190): warning C4244: “参数”: 从“double”转换到“FLOAT”，可能丢失数据
c:\users\dell\documents\github\windows_directx\snowman\snowman\src\SnowMan.h(191): warning C4244: “参数”: 从“double”转换到“FLOAT”，可能丢失数据
c:\users\dell\documents\github\windows_directx\snowman\snowman\src\SnowMan.h(208): warning C4244: “参数”: 从“double”转换到“FLOAT”，可能丢失数据
c:\users\dell\documents\github\windows_directx\snowman\snowman\src\SnowMan.h(221): warning C4244: “参数”: 从“double”转换到“FLOAT”，可能丢失数据
c:\users\dell\documents\github\windows_directx\snowman\snowman\src\SnowMan.h(229): warning C4244: “参数”: 从“double”转换到“FLOAT”，可能丢失数据
c:\users\dell\documents\github\windows_directx\snowman\snowman\src\SnowMan.h(235): warning C4244: “参数”: 从“double”转换到“FLOAT”，可能丢失数据
c:\users\dell\documents\github\windows_directx\snowman\snowman\src\SnowMan.h(241): warning C4244: “参数”: 从“double”转换到“FLOAT”，可能丢失数据
c:\users\dell\documents\github\windows_directx\snowman\snowman\src\Terrian.h(65): warning C4244: “参数”: 从“std::streamoff”转换到“unsigned int”，可能丢失数据
  C:\Program Files (x86)\Microsoft DirectX SDK (June 2010)\Include\dinput.h: DIRECTINPUT_VERSION undefined. Defaulting to version 0x0800
c:\users\dell\documents\github\windows_directx\snowman\snowman\src\Camera.h(200): warning C4244: “初始化”: 从“float”转换到“const int”，可能丢失数据
c:\users\dell\documents\github\windows_directx\snowman\snowman\src\Camera.h(60): warning C4244: “参数”: 从“const int”转换到“FLOAT”，可能丢失数据
  正在生成代码
  0 of 768 functions ( 0.0%) were compiled, the rest were copied from previous compilation.
    0 functions were new in current compilation
    0 functions had inline decision re-evaluated but remain unchanged
  已完成代码的生成
  SnowMan.vcxproj -> C:\Users\Dell\Documents\GitHub\Windows_directx\SnowMan\Release\SnowMan.exe
  SnowMan.vcxproj -> C:\Users\Dell\Documents\GitHub\Windows_directx\SnowMan\Release\SnowMan.pdb (Full PDB)
