  Direct3D.cpp
c:\users\dell\documents\github\windows_directx\snowman\snowman\snowman.h(17): warning C4244: “参数”: 从“double”转换到“float”，可能丢失数据
c:\users\dell\documents\github\windows_directx\snowman\snowman\snowman.h(18): warning C4244: “参数”: 从“double”转换到“float”，可能丢失数据
c:\users\dell\documents\github\windows_directx\snowman\snowman\snowman.h(19): warning C4244: “参数”: 从“double”转换到“float”，可能丢失数据
c:\users\dell\documents\github\windows_directx\snowman\snowman\snowman.h(20): warning C4244: “参数”: 从“double”转换到“float”，可能丢失数据
c:\users\dell\documents\github\windows_directx\snowman\snowman\snowman.h(34): warning C4244: “参数”: 从“double”转换到“FLOAT”，可能丢失数据
c:\users\dell\documents\github\windows_directx\snowman\snowman\snowman.h(36): warning C4244: “参数”: 从“double”转换到“FLOAT”，可能丢失数据
c:\users\dell\documents\github\windows_directx\snowman\snowman\snowman.h(37): warning C4244: “参数”: 从“double”转换到“FLOAT”，可能丢失数据
c:\users\dell\documents\github\windows_directx\snowman\snowman\snowman.h(39): warning C4244: “参数”: 从“double”转换到“FLOAT”，可能丢失数据
c:\users\dell\documents\github\windows_directx\snowman\snowman\snowman.h(41): warning C4244: “参数”: 从“double”转换到“FLOAT”，可能丢失数据
c:\users\dell\documents\github\windows_directx\snowman\snowman\snowman.h(46): warning C4244: “参数”: 从“double”转换到“FLOAT”，可能丢失数据
c:\users\dell\documents\github\windows_directx\snowman\snowman\snowman.h(53): warning C4244: “参数”: 从“double”转换到“FLOAT”，可能丢失数据
c:\users\dell\documents\github\windows_directx\snowman\snowman\snowman.h(56): warning C4244: “参数”: 从“double”转换到“FLOAT”，可能丢失数据
c:\users\dell\documents\github\windows_directx\snowman\snowman\snowman.h(176): warning C4244: “参数”: 从“double”转换到“FLOAT”，可能丢失数据
c:\users\dell\documents\github\windows_directx\snowman\snowman\snowman.h(190): warning C4244: “参数”: 从“double”转换到“FLOAT”，可能丢失数据
c:\users\dell\documents\github\windows_directx\snowman\snowman\snowman.h(191): warning C4244: “参数”: 从“double”转换到“FLOAT”，可能丢失数据
c:\users\dell\documents\github\windows_directx\snowman\snowman\snowman.h(208): warning C4244: “参数”: 从“double”转换到“FLOAT”，可能丢失数据
c:\users\dell\documents\github\windows_directx\snowman\snowman\snowman.h(221): warning C4244: “参数”: 从“double”转换到“FLOAT”，可能丢失数据
c:\users\dell\documents\github\windows_directx\snowman\snowman\snowman.h(229): warning C4244: “参数”: 从“double”转换到“FLOAT”，可能丢失数据
c:\users\dell\documents\github\windows_directx\snowman\snowman\snowman.h(235): warning C4244: “参数”: 从“double”转换到“FLOAT”，可能丢失数据
c:\users\dell\documents\github\windows_directx\snowman\snowman\snowman.h(241): warning C4244: “参数”: 从“double”转换到“FLOAT”，可能丢失数据
c:\users\dell\documents\github\windows_directx\snowman\snowman\terrian.h(65): warning C4244: “参数”: 从“std::streamoff”转换到“unsigned int”，可能丢失数据
  c:\program files (x86)\microsoft directx sdk (june 2010)\include\dinput.h: DIRECTINPUT_VERSION undefined. Defaulting to version 0x0800
c:\users\dell\documents\github\windows_directx\snowman\snowman\camera.h(190): warning C4244: “初始化”: 从“float”转换到“const int”，可能丢失数据
c:\users\dell\documents\github\windows_directx\snowman\snowman\camera.h(60): warning C4244: “参数”: 从“const int”转换到“FLOAT”，可能丢失数据
c:\users\dell\documents\github\windows_directx\snowman\snowman\direct3d.cpp(225): warning C4244: “参数”: 从“double”转换到“FLOAT”，可能丢失数据
c:\users\dell\documents\github\windows_directx\snowman\snowman\direct3d.cpp(231): warning C4244: “参数”: 从“double”转换到“FLOAT”，可能丢失数据
  正在生成代码...
  正在编译...
  Window.cpp
c:\users\dell\documents\github\windows_directx\snowman\snowman\snowman.h(17): warning C4244: “参数”: 从“double”转换到“float”，可能丢失数据
c:\users\dell\documents\github\windows_directx\snowman\snowman\snowman.h(18): warning C4244: “参数”: 从“double”转换到“float”，可能丢失数据
c:\users\dell\documents\github\windows_directx\snowman\snowman\snowman.h(19): warning C4244: “参数”: 从“double”转换到“float”，可能丢失数据
c:\users\dell\documents\github\windows_directx\snowman\snowman\snowman.h(20): warning C4244: “参数”: 从“double”转换到“float”，可能丢失数据
c:\users\dell\documents\github\windows_directx\snowman\snowman\snowman.h(34): warning C4244: “参数”: 从“double”转换到“FLOAT”，可能丢失数据
c:\users\dell\documents\github\windows_directx\snowman\snowman\snowman.h(36): warning C4244: “参数”: 从“double”转换到“FLOAT”，可能丢失数据
c:\users\dell\documents\github\windows_directx\snowman\snowman\snowman.h(37): warning C4244: “参数”: 从“double”转换到“FLOAT”，可能丢失数据
c:\users\dell\documents\github\windows_directx\snowman\snowman\snowman.h(39): warning C4244: “参数”: 从“double”转换到“FLOAT”，可能丢失数据
c:\users\dell\documents\github\windows_directx\snowman\snowman\snowman.h(41): warning C4244: “参数”: 从“double”转换到“FLOAT”，可能丢失数据
c:\users\dell\documents\github\windows_directx\snowman\snowman\snowman.h(46): warning C4244: “参数”: 从“double”转换到“FLOAT”，可能丢失数据
c:\users\dell\documents\github\windows_directx\snowman\snowman\snowman.h(53): warning C4244: “参数”: 从“double”转换到“FLOAT”，可能丢失数据
c:\users\dell\documents\github\windows_directx\snowman\snowman\snowman.h(56): warning C4244: “参数”: 从“double”转换到“FLOAT”，可能丢失数据
c:\users\dell\documents\github\windows_directx\snowman\snowman\snowman.h(176): warning C4244: “参数”: 从“double”转换到“FLOAT”，可能丢失数据
c:\users\dell\documents\github\windows_directx\snowman\snowman\snowman.h(190): warning C4244: “参数”: 从“double”转换到“FLOAT”，可能丢失数据
c:\users\dell\documents\github\windows_directx\snowman\snowman\snowman.h(191): warning C4244: “参数”: 从“double”转换到“FLOAT”，可能丢失数据
c:\users\dell\documents\github\windows_directx\snowman\snowman\snowman.h(208): warning C4244: “参数”: 从“double”转换到“FLOAT”，可能丢失数据
c:\users\dell\documents\github\windows_directx\snowman\snowman\snowman.h(221): warning C4244: “参数”: 从“double”转换到“FLOAT”，可能丢失数据
c:\users\dell\documents\github\windows_directx\snowman\snowman\snowman.h(229): warning C4244: “参数”: 从“double”转换到“FLOAT”，可能丢失数据
c:\users\dell\documents\github\windows_directx\snowman\snowman\snowman.h(235): warning C4244: “参数”: 从“double”转换到“FLOAT”，可能丢失数据
c:\users\dell\documents\github\windows_directx\snowman\snowman\snowman.h(241): warning C4244: “参数”: 从“double”转换到“FLOAT”，可能丢失数据
c:\users\dell\documents\github\windows_directx\snowman\snowman\terrian.h(65): warning C4244: “参数”: 从“std::streamoff”转换到“unsigned int”，可能丢失数据
  c:\program files (x86)\microsoft directx sdk (june 2010)\include\dinput.h: DIRECTINPUT_VERSION undefined. Defaulting to version 0x0800
c:\users\dell\documents\github\windows_directx\snowman\snowman\camera.h(190): warning C4244: “初始化”: 从“float”转换到“const int”，可能丢失数据
c:\users\dell\documents\github\windows_directx\snowman\snowman\camera.h(60): warning C4244: “参数”: 从“const int”转换到“FLOAT”，可能丢失数据
c:\users\dell\documents\github\windows_directx\snowman\snowman\window.cpp(84): warning C4244: “参数”: 从“unsigned long”转换到“float”，可能丢失数据
  Main.cpp
c:\users\dell\documents\github\windows_directx\snowman\snowman\snowman.h(17): warning C4244: “参数”: 从“double”转换到“float”，可能丢失数据
c:\users\dell\documents\github\windows_directx\snowman\snowman\snowman.h(18): warning C4244: “参数”: 从“double”转换到“float”，可能丢失数据
c:\users\dell\documents\github\windows_directx\snowman\snowman\snowman.h(19): warning C4244: “参数”: 从“double”转换到“float”，可能丢失数据
c:\users\dell\documents\github\windows_directx\snowman\snowman\snowman.h(20): warning C4244: “参数”: 从“double”转换到“float”，可能丢失数据
c:\users\dell\documents\github\windows_directx\snowman\snowman\snowman.h(34): warning C4244: “参数”: 从“double”转换到“FLOAT”，可能丢失数据
c:\users\dell\documents\github\windows_directx\snowman\snowman\snowman.h(36): warning C4244: “参数”: 从“double”转换到“FLOAT”，可能丢失数据
c:\users\dell\documents\github\windows_directx\snowman\snowman\snowman.h(37): warning C4244: “参数”: 从“double”转换到“FLOAT”，可能丢失数据
c:\users\dell\documents\github\windows_directx\snowman\snowman\snowman.h(39): warning C4244: “参数”: 从“double”转换到“FLOAT”，可能丢失数据
c:\users\dell\documents\github\windows_directx\snowman\snowman\snowman.h(41): warning C4244: “参数”: 从“double”转换到“FLOAT”，可能丢失数据
c:\users\dell\documents\github\windows_directx\snowman\snowman\snowman.h(46): warning C4244: “参数”: 从“double”转换到“FLOAT”，可能丢失数据
c:\users\dell\documents\github\windows_directx\snowman\snowman\snowman.h(53): warning C4244: “参数”: 从“double”转换到“FLOAT”，可能丢失数据
c:\users\dell\documents\github\windows_directx\snowman\snowman\snowman.h(56): warning C4244: “参数”: 从“double”转换到“FLOAT”，可能丢失数据
c:\users\dell\documents\github\windows_directx\snowman\snowman\snowman.h(176): warning C4244: “参数”: 从“double”转换到“FLOAT”，可能丢失数据
c:\users\dell\documents\github\windows_directx\snowman\snowman\snowman.h(190): warning C4244: “参数”: 从“double”转换到“FLOAT”，可能丢失数据
c:\users\dell\documents\github\windows_directx\snowman\snowman\snowman.h(191): warning C4244: “参数”: 从“double”转换到“FLOAT”，可能丢失数据
c:\users\dell\documents\github\windows_directx\snowman\snowman\snowman.h(208): warning C4244: “参数”: 从“double”转换到“FLOAT”，可能丢失数据
c:\users\dell\documents\github\windows_directx\snowman\snowman\snowman.h(221): warning C4244: “参数”: 从“double”转换到“FLOAT”，可能丢失数据
c:\users\dell\documents\github\windows_directx\snowman\snowman\snowman.h(229): warning C4244: “参数”: 从“double”转换到“FLOAT”，可能丢失数据
c:\users\dell\documents\github\windows_directx\snowman\snowman\snowman.h(235): warning C4244: “参数”: 从“double”转换到“FLOAT”，可能丢失数据
c:\users\dell\documents\github\windows_directx\snowman\snowman\snowman.h(241): warning C4244: “参数”: 从“double”转换到“FLOAT”，可能丢失数据
c:\users\dell\documents\github\windows_directx\snowman\snowman\terrian.h(65): warning C4244: “参数”: 从“std::streamoff”转换到“unsigned int”，可能丢失数据
  c:\program files (x86)\microsoft directx sdk (june 2010)\include\dinput.h: DIRECTINPUT_VERSION undefined. Defaulting to version 0x0800
c:\users\dell\documents\github\windows_directx\snowman\snowman\camera.h(190): warning C4244: “初始化”: 从“float”转换到“const int”，可能丢失数据
c:\users\dell\documents\github\windows_directx\snowman\snowman\camera.h(60): warning C4244: “参数”: 从“const int”转换到“FLOAT”，可能丢失数据
  正在生成代码...
  SnowMan.vcxproj -> C:\Users\Dell\Documents\GitHub\Windows_directx\SnowMan\Debug\SnowMan.exe
  SnowMan.vcxproj -> C:\Users\Dell\Documents\GitHub\Windows_directx\SnowMan\Debug\SnowMan.pdb (Full PDB)
